-------------------------------------------------------------------------------
Test set: com.app.integrationtesting.QuantityMeasurementIntegrationTest
-------------------------------------------------------------------------------
Tests run: 16, Failures: 1, Errors: 0, Skipped: 0, Time elapsed: 0.698 s <<< FAILURE! -- in com.app.integrationtesting.QuantityMeasurementIntegrationTest
com.app.integrationtesting.QuantityMeasurementIntegrationTest.testIntegration_Convert_GallonsToLiters_PersistsResult -- Time elapsed: 0.030 s <<< FAILURE!
java.lang.AssertionError: expected:<3.78541> but was:<3.79>
	at org.junit.Assert.fail(Assert.java:89)
	at org.junit.Assert.failNotEquals(Assert.java:835)
	at org.junit.Assert.assertEquals(Assert.java:555)
	at org.junit.Assert.assertEquals(Assert.java:685)
	at com.app.integrationtesting.QuantityMeasurementIntegrationTest.testIntegration_Convert_GallonsToLiters_PersistsResult(QuantityMeasurementIntegrationTest.java:119)
	at java.base/java.lang.reflect.Method.invoke(Method.java:565)

