<?xml version="1.0" encoding="UTF-8"?>
<testsuite xmlns:xsi="http://www.w3.org/2001/XMLSchema-instance" xsi:noNamespaceSchemaLocation="https://maven.apache.org/surefire/maven-surefire-plugin/xsd/surefire-test-report-3.0.xsd" version="3.0" name="com.app.controller.QuantityMeasurementControllerTest" time="1.936" tests="12" errors="0" skipped="0" failures="0">
  <properties>
[...]
</properties>
  <testcase name="testPerformComparison_ServiceReturnsFalse_ControllerReturnsFalse" classname="com.app.controller.QuantityMeasurementControllerTest" time="1.849">
    <system-out><![CDATA[01:43:19.079 [main] INFO com.app.controller.QuantityMeasurementController -- QuantityMeasurementController initialised
01:43:19.118 [main] INFO com.app.controller.QuantityMeasurementController -- ── Comparison ──────────────────────────────
01:43:19.120 [main] INFO com.app.controller.QuantityMeasurementController --   Input 1 : 1.0000 FEET
01:43:19.122 [main] INFO com.app.controller.QuantityMeasurementController --   Input 2 : 2.0000 FEET
01:43:19.127 [main] INFO com.app.controller.QuantityMeasurementController --   Equal   : false
]]></system-out>
    <system-err><![CDATA[WARNING: A Java agent has been loaded dynamically (C:\Users\abbuz\.m2\repository\net\bytebuddy\byte-buddy-agent\1.14.15\byte-buddy-agent-1.14.15.jar)
WARNING: If a serviceability tool is in use, please run with -XX:+EnableDynamicAgentLoading to hide this warning
WARNING: If a serviceability tool is not in use, please run with -Djdk.instrument.traceUsage for more information
WARNING: Dynamic loading of agents will be disallowed by default in a future release
]]></system-err>
  </testcase>
  <testcase name="testPerformSubtraction_ServiceReturnsResult_ControllerReturnsIt" classname="com.app.controller.QuantityMeasurementControllerTest" time="0.008">
    <system-out><![CDATA[01:43:19.134 [main] INFO com.app.controller.QuantityMeasurementController -- QuantityMeasurementController initialised
01:43:19.138 [main] INFO com.app.controller.QuantityMeasurementController -- ── Subtraction ─────────────────────────────
01:43:19.138 [main] INFO com.app.controller.QuantityMeasurementController --   Input 1    : 10.0000 FEET
01:43:19.139 [main] INFO com.app.controller.QuantityMeasurementController --   Input 2    : 6.0000 INCHES
01:43:19.139 [main] INFO com.app.controller.QuantityMeasurementController --   Target Unit: FEET
01:43:19.139 [main] INFO com.app.controller.QuantityMeasurementController --   Difference: 9.5000 FEET
]]></system-out>
  </testcase>
  <testcase name="testPerformConversion_ServiceThrows_ReturnsNaN" classname="com.app.controller.QuantityMeasurementControllerTest" time="0.008">
    <system-out><![CDATA[01:43:19.141 [main] INFO com.app.controller.QuantityMeasurementController -- QuantityMeasurementController initialised
01:43:19.145 [main] INFO com.app.controller.QuantityMeasurementController -- ── Conversion ──────────────────────────────
01:43:19.145 [main] INFO com.app.controller.QuantityMeasurementController --   Input      : 1.0000 FEET
01:43:19.145 [main] INFO com.app.controller.QuantityMeasurementController --   Target Unit: INCHES
01:43:19.146 [main] ERROR com.app.controller.QuantityMeasurementController --   [ERROR] Conversion failed → Conversion error
]]></system-out>
  </testcase>
  <testcase name="testConstructor_NullService_Throws" classname="com.app.controller.QuantityMeasurementControllerTest" time="0.002">
    <system-out><![CDATA[01:43:19.151 [main] INFO com.app.controller.QuantityMeasurementController -- QuantityMeasurementController initialised
]]></system-out>
  </testcase>
  <testcase name="testPerformAddition_ServiceReturnsResult_ControllerReturnsIt" classname="com.app.controller.QuantityMeasurementControllerTest" time="0.005">
    <system-out><![CDATA[01:43:19.153 [main] INFO com.app.controller.QuantityMeasurementController -- QuantityMeasurementController initialised
01:43:19.155 [main] INFO com.app.controller.QuantityMeasurementController -- ── Addition ────────────────────────────────
01:43:19.155 [main] INFO com.app.controller.QuantityMeasurementController --   Input 1    : 1.0000 FEET
01:43:19.156 [main] INFO com.app.controller.QuantityMeasurementController --   Input 2    : 12.0000 INCHES
01:43:19.156 [main] INFO com.app.controller.QuantityMeasurementController --   Target Unit: FEET
01:43:19.156 [main] INFO com.app.controller.QuantityMeasurementController --   Sum       : 2.0000 FEET
]]></system-out>
  </testcase>
  <testcase name="testPerformComparison_ServiceThrows_ReturnsFalse" classname="com.app.controller.QuantityMeasurementControllerTest" time="0.003">
    <system-out><![CDATA[01:43:19.157 [main] INFO com.app.controller.QuantityMeasurementController -- QuantityMeasurementController initialised
01:43:19.158 [main] INFO com.app.controller.QuantityMeasurementController -- ── Comparison ──────────────────────────────
01:43:19.159 [main] INFO com.app.controller.QuantityMeasurementController --   Input 1 : 1.0000 FEET
01:43:19.159 [main] INFO com.app.controller.QuantityMeasurementController --   Input 2 : 1.0000 FEET
01:43:19.159 [main] ERROR com.app.controller.QuantityMeasurementController --   [ERROR] Comparison failed → Incompatible categories
]]></system-out>
  </testcase>
  <testcase name="testPerformDivision_ServiceThrows_ReturnsNaN" classname="com.app.controller.QuantityMeasurementControllerTest" time="0.007">
    <system-out><![CDATA[01:43:19.162 [main] INFO com.app.controller.QuantityMeasurementController -- QuantityMeasurementController initialised
01:43:19.163 [main] INFO com.app.controller.QuantityMeasurementController -- ── Division ────────────────────────────────
01:43:19.164 [main] INFO com.app.controller.QuantityMeasurementController --   Dividend : 10.0000 FEET
01:43:19.166 [main] INFO com.app.controller.QuantityMeasurementController --   Divisor  : 0.0000 FEET
01:43:19.168 [main] ERROR com.app.controller.QuantityMeasurementController --   [ERROR] Division failed → Division by zero
]]></system-out>
  </testcase>
  <testcase name="testPerformSubtraction_ServiceThrows_ReturnsNaN" classname="com.app.controller.QuantityMeasurementControllerTest" time="0.004">
    <system-out><![CDATA[01:43:19.170 [main] INFO com.app.controller.QuantityMeasurementController -- QuantityMeasurementController initialised
01:43:19.170 [main] INFO com.app.controller.QuantityMeasurementController -- ── Subtraction ─────────────────────────────
01:43:19.171 [main] INFO com.app.controller.QuantityMeasurementController --   Input 1    : 10.0000 FEET
01:43:19.171 [main] INFO com.app.controller.QuantityMeasurementController --   Input 2    : 6.0000 INCHES
01:43:19.171 [main] INFO com.app.controller.QuantityMeasurementController --   Target Unit: FEET
01:43:19.172 [main] ERROR com.app.controller.QuantityMeasurementController --   [ERROR] Subtraction failed → Subtraction error
]]></system-out>
  </testcase>
  <testcase name="testPerformAddition_TemperatureThrows_ReturnsNaN" classname="com.app.controller.QuantityMeasurementControllerTest" time="0.006">
    <system-out><![CDATA[01:43:19.175 [main] INFO com.app.controller.QuantityMeasurementController -- QuantityMeasurementController initialised
01:43:19.178 [main] INFO com.app.controller.QuantityMeasurementController -- ── Addition ────────────────────────────────
01:43:19.178 [main] INFO com.app.controller.QuantityMeasurementController --   Input 1    : 100.0000 CELSIUS
01:43:19.178 [main] INFO com.app.controller.QuantityMeasurementController --   Input 2    : 50.0000 CELSIUS
01:43:19.178 [main] INFO com.app.controller.QuantityMeasurementController --   Target Unit: CELSIUS
01:43:19.179 [main] ERROR com.app.controller.QuantityMeasurementController --   [ERROR] Addition failed → Temperature does not support addition
]]></system-out>
  </testcase>
  <testcase name="testPerformDivision_ServiceReturnsRatio_ControllerReturnsIt" classname="com.app.controller.QuantityMeasurementControllerTest" time="0.004">
    <system-out><![CDATA[01:43:19.181 [main] INFO com.app.controller.QuantityMeasurementController -- QuantityMeasurementController initialised
01:43:19.183 [main] INFO com.app.controller.QuantityMeasurementController -- ── Division ────────────────────────────────
01:43:19.183 [main] INFO com.app.controller.QuantityMeasurementController --   Dividend : 10.0000 FEET
01:43:19.184 [main] INFO com.app.controller.QuantityMeasurementController --   Divisor  : 2.0000 FEET
01:43:19.184 [main] INFO com.app.controller.QuantityMeasurementController --   Ratio    : 5.0000
]]></system-out>
  </testcase>
  <testcase name="testPerformConversion_ServiceReturnsResult_ControllerReturnsIt" classname="com.app.controller.QuantityMeasurementControllerTest" time="0.004">
    <system-out><![CDATA[01:43:19.186 [main] INFO com.app.controller.QuantityMeasurementController -- QuantityMeasurementController initialised
01:43:19.186 [main] INFO com.app.controller.QuantityMeasurementController -- ── Conversion ──────────────────────────────
01:43:19.188 [main] INFO com.app.controller.QuantityMeasurementController --   Input      : 1.0000 FEET
01:43:19.188 [main] INFO com.app.controller.QuantityMeasurementController --   Target Unit: INCHES
01:43:19.188 [main] INFO com.app.controller.QuantityMeasurementController --   Converted : 12.0000 INCHES
]]></system-out>
  </testcase>
  <testcase name="testPerformComparison_ServiceReturnsTrue_ControllerReturnsTrue" classname="com.app.controller.QuantityMeasurementControllerTest" time="0.005">
    <system-out><![CDATA[01:43:19.191 [main] INFO com.app.controller.QuantityMeasurementController -- QuantityMeasurementController initialised
01:43:19.192 [main] INFO com.app.controller.QuantityMeasurementController -- ── Comparison ──────────────────────────────
01:43:19.193 [main] INFO com.app.controller.QuantityMeasurementController --   Input 1 : 1.0000 FEET
01:43:19.193 [main] INFO com.app.controller.QuantityMeasurementController --   Input 2 : 12.0000 INCHES
01:43:19.193 [main] INFO com.app.controller.QuantityMeasurementController --   Equal   : true
]]></system-out>
  </testcase>
</testsuite>