<?xml version="1.0" encoding="UTF-8"?>
<testsuite xmlns:xsi="http://www.w3.org/2001/XMLSchema-instance" xsi:noNamespaceSchemaLocation="https://maven.apache.org/surefire/maven-surefire-plugin/xsd/surefire-test-report.xsd" version="3.0.2" name="com.app.controller.QuantityMeasurementControllerTest" time="1.706" tests="10" errors="0" skipped="0" failures="10">
  <properties>
[...]
</properties>
  <testcase name="compareInvalidUnit_returns400" classname="com.app.controller.QuantityMeasurementControllerTest" time="0.112">
    <failure message="Status expected:&lt;400&gt; but was:&lt;302&gt;" type="java.lang.AssertionError"><![CDATA[java.lang.AssertionError: Status expected:<400> but was:<302>
	at org.springframework.test.util.AssertionErrors.fail(AssertionErrors.java:61)
	at org.springframework.test.util.AssertionErrors.assertEquals(AssertionErrors.java:128)
	at org.springframework.test.web.servlet.result.StatusResultMatchers.lambda$matcher$9(StatusResultMatchers.java:640)
	at org.springframework.test.web.servlet.MockMvc$1.andExpect(MockMvc.java:214)
	at com.app.controller.QuantityMeasurementControllerTest.compareInvalidUnit_returns400(QuantityMeasurementControllerTest.java:292)
	at java.base/java.lang.reflect.Method.invoke(Method.java:565)
	at java.base/java.util.ArrayList.forEach(ArrayList.java:1604)
	at java.base/java.util.ArrayList.forEach(ArrayList.java:1604)
]]></failure>
    <system-out><![CDATA[
  .   ____          _            __ _ _
 /\\ / ___'_ __ _ _(_)_ __  __ _ \ \ \ \
( ( )\___ | '_ | '_| | '_ \/ _` | \ \ \ \
 \\/  ___)| |_)| | | | | || (_| |  ) ) ) )
  '  |____| .__|_| |_|_| |_\__, | / / / /
 =========|_|==============|___/=/_/_/_/

 :: Spring Boot ::                (v3.5.7)

2026-04-06T21:02:53.717+05:30  INFO 1420 --- [           main] c.a.c.QuantityMeasurementControllerTest  : Starting QuantityMeasurementControllerTest using Java 25.0.1 with PID 1420 (started by abbuz in C:\Users\abbuz\Documents\STS-Spring\quantitymeasurement)
2026-04-06T21:02:53.717+05:30  INFO 1420 --- [           main] c.a.c.QuantityMeasurementControllerTest  : No active profile set, falling back to 1 default profile: "default"
2026-04-06T21:02:53.971+05:30  INFO 1420 --- [           main] .s.d.r.c.RepositoryConfigurationDelegate : Bootstrapping Spring Data JPA repositories in DEFAULT mode.
2026-04-06T21:02:53.980+05:30  INFO 1420 --- [           main] .s.d.r.c.RepositoryConfigurationDelegate : Finished Spring Data repository scanning in 6 ms. Found 2 JPA repository interfaces.
2026-04-06T21:02:54.718+05:30  INFO 1420 --- [           main] o.hibernate.jpa.internal.util.LogHelper  : HHH000204: Processing PersistenceUnitInfo [name: default]
2026-04-06T21:02:54.723+05:30  INFO 1420 --- [           main] o.h.c.internal.RegionFactoryInitiator    : HHH000026: Second-level cache disabled
2026-04-06T21:02:54.734+05:30  INFO 1420 --- [           main] o.s.o.j.p.SpringPersistenceUnitInfo      : No LoadTimeWeaver setup: ignoring JPA class transformer
2026-04-06T21:02:54.736+05:30  INFO 1420 --- [           main] com.zaxxer.hikari.HikariDataSource       : HikariPool-2 - Starting...
2026-04-06T21:02:54.737+05:30  INFO 1420 --- [           main] com.zaxxer.hikari.pool.HikariPool        : HikariPool-2 - Added connection conn10: url=jdbc:h2:mem:testdb user=SA
2026-04-06T21:02:54.738+05:30  INFO 1420 --- [           main] com.zaxxer.hikari.HikariDataSource       : HikariPool-2 - Start completed.
2026-04-06T21:02:54.738+05:30  WARN 1420 --- [           main] org.hibernate.orm.deprecation            : HHH90000025: H2Dialect does not need to be specified explicitly using 'hibernate.dialect' (remove the property setting and it will be selected by default)
2026-04-06T21:02:54.739+05:30  INFO 1420 --- [           main] org.hibernate.orm.connections.pooling    : HHH10001005: Database info:
	Database JDBC URL [Connecting through datasource 'HikariDataSource (HikariPool-2)']
	Database driver: undefined/unknown
	Database version: 2.3.232
	Autocommit mode: undefined/unknown
	Isolation level: undefined/unknown
	Minimum pool size: undefined/unknown
	Maximum pool size: undefined/unknown
2026-04-06T21:02:54.799+05:30  INFO 1420 --- [           main] o.h.e.t.j.p.i.JtaPlatformInitiator       : HHH000489: No JTA platform available (set 'hibernate.transaction.jta.platform' to enable JTA platform integration)
2026-04-06T21:02:54.810+05:30  INFO 1420 --- [           main] j.LocalContainerEntityManagerFactoryBean : Initialized JPA EntityManagerFactory for persistence unit 'default'
2026-04-06T21:02:54.869+05:30  INFO 1420 --- [           main] eAuthenticationProviderManagerConfigurer : Global AuthenticationManager configured with AuthenticationProvider bean with name authenticationProvider
2026-04-06T21:02:54.869+05:30  WARN 1420 --- [           main] r$InitializeUserDetailsManagerConfigurer : Global AuthenticationManager configured with an AuthenticationProvider bean. UserDetailsService beans will not be used by Spring Security for automatically configuring username/password login. Consider removing the AuthenticationProvider bean. Alternatively, consider using the UserDetailsService in a manually instantiated DaoAuthenticationProvider. If the current configuration is intentional, to turn off this warning, increase the logging level of 'org.springframework.security.config.annotation.authentication.configuration.InitializeUserDetailsBeanManagerConfigurer' to ERROR
2026-04-06T21:02:54.922+05:30  WARN 1420 --- [           main] JpaBaseConfiguration$JpaWebConfiguration : spring.jpa.open-in-view is enabled by default. Therefore, database queries may be performed during view rendering. Explicitly configure spring.jpa.open-in-view to disable this warning
2026-04-06T21:02:54.929+05:30  INFO 1420 --- [           main] o.s.b.a.w.s.WelcomePageHandlerMapping    : Adding welcome page: class path resource [static/index.html]
2026-04-06T21:02:55.124+05:30  INFO 1420 --- [           main] o.s.b.t.m.w.SpringBootMockServletContext : Initializing Spring TestDispatcherServlet ''
2026-04-06T21:02:55.124+05:30  INFO 1420 --- [           main] o.s.t.web.servlet.TestDispatcherServlet  : Initializing Servlet ''
2026-04-06T21:02:55.125+05:30  INFO 1420 --- [           main] o.s.t.web.servlet.TestDispatcherServlet  : Completed initialization in 1 ms
2026-04-06T21:02:55.132+05:30  INFO 1420 --- [           main] c.a.c.QuantityMeasurementControllerTest  : Started QuantityMeasurementControllerTest in 1.456 seconds (process running for 8.897)

MockHttpServletRequest:
      HTTP Method = POST
      Request URI = /api/v1/quantities/compare
       Parameters = {}
          Headers = [Content-Type:"application/json;charset=UTF-8", Content-Length:"228"]
             Body = {"thisQuantityDTO":{"value":1.0,"unit":"FOOT","measurementType":"LengthUnit","unitValidForMeasurementType":false},"thatQuantityDTO":{"value":1.0,"unit":"INCHES","measurementType":"LengthUnit","unitValidForMeasurementType":true}}
    Session Attrs = {}

Handler:
             Type = null

Async:
    Async started = false
     Async result = null

Resolved Exception:
             Type = null

ModelAndView:
        View name = null
             View = null
            Model = null

FlashMap:
       Attributes = null

MockHttpServletResponse:
           Status = 302
    Error message = null
          Headers = [Vary:"Origin", "Access-Control-Request-Method", "Access-Control-Request-Headers", X-Content-Type-Options:"nosniff", X-XSS-Protection:"0", Cache-Control:"no-cache, no-store, max-age=0, must-revalidate", Pragma:"no-cache", Expires:"0", X-Frame-Options:"SAMEORIGIN", Location:"http://localhost/login"]
     Content type = null
             Body = 
    Forwarded URL = null
   Redirected URL = http://localhost/login
          Cookies = []
]]></system-out>
    <system-err><![CDATA[Mockito is currently self-attaching to enable the inline-mock-maker. This will no longer work in future releases of the JDK. Please add Mockito as an agent to your build as described in Mockito's documentation: https://javadoc.io/doc/org.mockito/mockito-core/latest/org.mockito/org/mockito/Mockito.html#0.3
WARNING: A Java agent has been loaded dynamically (C:\Users\abbuz\.m2\repository\net\bytebuddy\byte-buddy-agent\1.17.8\byte-buddy-agent-1.17.8.jar)
WARNING: If a serviceability tool is in use, please run with -XX:+EnableDynamicAgentLoading to hide this warning
WARNING: If a serviceability tool is not in use, please run with -Djdk.instrument.traceUsage for more information
WARNING: Dynamic loading of agents will be disallowed by default in a future release
]]></system-err>
  </testcase>
  <testcase name="getErrorHistory" classname="com.app.controller.QuantityMeasurementControllerTest" time="0.023">
    <failure message="Status expected:&lt;200&gt; but was:&lt;302&gt;" type="java.lang.AssertionError"><![CDATA[java.lang.AssertionError: Status expected:<200> but was:<302>
	at org.springframework.test.util.AssertionErrors.fail(AssertionErrors.java:61)
	at org.springframework.test.util.AssertionErrors.assertEquals(AssertionErrors.java:128)
	at org.springframework.test.web.servlet.result.StatusResultMatchers.lambda$matcher$9(StatusResultMatchers.java:640)
	at org.springframework.test.web.servlet.MockMvc$1.andExpect(MockMvc.java:214)
	at com.app.controller.QuantityMeasurementControllerTest.getErrorHistory(QuantityMeasurementControllerTest.java:275)
	at java.base/java.lang.reflect.Method.invoke(Method.java:565)
	at java.base/java.util.ArrayList.forEach(ArrayList.java:1604)
	at java.base/java.util.ArrayList.forEach(ArrayList.java:1604)
]]></failure>
    <system-out><![CDATA[
MockHttpServletRequest:
      HTTP Method = GET
      Request URI = /api/v1/quantities/history/errored
       Parameters = {}
          Headers = []
             Body = null
    Session Attrs = {}

Handler:
             Type = null

Async:
    Async started = false
     Async result = null

Resolved Exception:
             Type = null

ModelAndView:
        View name = null
             View = null
            Model = null

FlashMap:
       Attributes = null

MockHttpServletResponse:
           Status = 302
    Error message = null
          Headers = [Vary:"Origin", "Access-Control-Request-Method", "Access-Control-Request-Headers", X-Content-Type-Options:"nosniff", X-XSS-Protection:"0", Cache-Control:"no-cache, no-store, max-age=0, must-revalidate", Pragma:"no-cache", Expires:"0", X-Frame-Options:"SAMEORIGIN", Location:"http://localhost/login"]
     Content type = null
             Body = 
    Forwarded URL = null
   Redirected URL = http://localhost/login
          Cookies = []
]]></system-out>
  </testcase>
  <testcase name="compareDifferentCategories_returns400" classname="com.app.controller.QuantityMeasurementControllerTest" time="0.012">
    <failure message="Status expected:&lt;400&gt; but was:&lt;302&gt;" type="java.lang.AssertionError"><![CDATA[java.lang.AssertionError: Status expected:<400> but was:<302>
	at org.springframework.test.util.AssertionErrors.fail(AssertionErrors.java:61)
	at org.springframework.test.util.AssertionErrors.assertEquals(AssertionErrors.java:128)
	at org.springframework.test.web.servlet.result.StatusResultMatchers.lambda$matcher$9(StatusResultMatchers.java:640)
	at org.springframework.test.web.servlet.MockMvc$1.andExpect(MockMvc.java:214)
	at com.app.controller.QuantityMeasurementControllerTest.compareDifferentCategories_returns400(QuantityMeasurementControllerTest.java:111)
	at java.base/java.lang.reflect.Method.invoke(Method.java:565)
	at java.base/java.util.ArrayList.forEach(ArrayList.java:1604)
	at java.base/java.util.ArrayList.forEach(ArrayList.java:1604)
]]></failure>
    <system-out><![CDATA[
MockHttpServletRequest:
      HTTP Method = POST
      Request URI = /api/v1/quantities/compare
       Parameters = {}
          Headers = [Content-Type:"application/json;charset=UTF-8", Content-Length:"229"]
             Body = {"thisQuantityDTO":{"value":1.0,"unit":"FEET","measurementType":"LengthUnit","unitValidForMeasurementType":true},"thatQuantityDTO":{"value":1.0,"unit":"KILOGRAM","measurementType":"WeightUnit","unitValidForMeasurementType":true}}
    Session Attrs = {}

Handler:
             Type = null

Async:
    Async started = false
     Async result = null

Resolved Exception:
             Type = null

ModelAndView:
        View name = null
             View = null
            Model = null

FlashMap:
       Attributes = null

MockHttpServletResponse:
           Status = 302
    Error message = null
          Headers = [Vary:"Origin", "Access-Control-Request-Method", "Access-Control-Request-Headers", X-Content-Type-Options:"nosniff", X-XSS-Protection:"0", Cache-Control:"no-cache, no-store, max-age=0, must-revalidate", Pragma:"no-cache", Expires:"0", X-Frame-Options:"SAMEORIGIN", Location:"http://localhost/login"]
     Content type = null
             Body = 
    Forwarded URL = null
   Redirected URL = http://localhost/login
          Cookies = []
]]></system-out>
  </testcase>
  <testcase name="divideByZero_returns400" classname="com.app.controller.QuantityMeasurementControllerTest" time="0.009">
    <failure message="Status expected:&lt;400&gt; but was:&lt;302&gt;" type="java.lang.AssertionError"><![CDATA[java.lang.AssertionError: Status expected:<400> but was:<302>
	at org.springframework.test.util.AssertionErrors.fail(AssertionErrors.java:61)
	at org.springframework.test.util.AssertionErrors.assertEquals(AssertionErrors.java:128)
	at org.springframework.test.web.servlet.result.StatusResultMatchers.lambda$matcher$9(StatusResultMatchers.java:640)
	at org.springframework.test.web.servlet.MockMvc$1.andExpect(MockMvc.java:214)
	at com.app.controller.QuantityMeasurementControllerTest.divideByZero_returns400(QuantityMeasurementControllerTest.java:218)
	at java.base/java.lang.reflect.Method.invoke(Method.java:565)
	at java.base/java.util.ArrayList.forEach(ArrayList.java:1604)
	at java.base/java.util.ArrayList.forEach(ArrayList.java:1604)
]]></failure>
    <system-out><![CDATA[
MockHttpServletRequest:
      HTTP Method = POST
      Request URI = /api/v1/quantities/divide
       Parameters = {}
          Headers = [Content-Type:"application/json;charset=UTF-8", Content-Length:"226"]
             Body = {"thisQuantityDTO":{"value":10.0,"unit":"FEET","measurementType":"LengthUnit","unitValidForMeasurementType":true},"thatQuantityDTO":{"value":0.0,"unit":"FEET","measurementType":"LengthUnit","unitValidForMeasurementType":true}}
    Session Attrs = {}

Handler:
             Type = null

Async:
    Async started = false
     Async result = null

Resolved Exception:
             Type = null

ModelAndView:
        View name = null
             View = null
            Model = null

FlashMap:
       Attributes = null

MockHttpServletResponse:
           Status = 302
    Error message = null
          Headers = [Vary:"Origin", "Access-Control-Request-Method", "Access-Control-Request-Headers", X-Content-Type-Options:"nosniff", X-XSS-Protection:"0", Cache-Control:"no-cache, no-store, max-age=0, must-revalidate", Pragma:"no-cache", Expires:"0", X-Frame-Options:"SAMEORIGIN", Location:"http://localhost/login"]
     Content type = null
             Body = 
    Forwarded URL = null
   Redirected URL = http://localhost/login
          Cookies = []
]]></system-out>
  </testcase>
  <testcase name="addTemperatures_returns400" classname="com.app.controller.QuantityMeasurementControllerTest" time="0.011">
    <failure message="Status expected:&lt;400&gt; but was:&lt;302&gt;" type="java.lang.AssertionError"><![CDATA[java.lang.AssertionError: Status expected:<400> but was:<302>
	at org.springframework.test.util.AssertionErrors.fail(AssertionErrors.java:61)
	at org.springframework.test.util.AssertionErrors.assertEquals(AssertionErrors.java:128)
	at org.springframework.test.web.servlet.result.StatusResultMatchers.lambda$matcher$9(StatusResultMatchers.java:640)
	at org.springframework.test.web.servlet.MockMvc$1.andExpect(MockMvc.java:214)
	at com.app.controller.QuantityMeasurementControllerTest.addTemperatures_returns400(QuantityMeasurementControllerTest.java:161)
	at java.base/java.lang.reflect.Method.invoke(Method.java:565)
	at java.base/java.util.ArrayList.forEach(ArrayList.java:1604)
	at java.base/java.util.ArrayList.forEach(ArrayList.java:1604)
]]></failure>
    <system-out><![CDATA[
MockHttpServletRequest:
      HTTP Method = POST
      Request URI = /api/v1/quantities/add
       Parameters = {}
          Headers = [Content-Type:"application/json;charset=UTF-8", Content-Length:"244"]
             Body = {"thisQuantityDTO":{"value":100.0,"unit":"CELSIUS","measurementType":"TemperatureUnit","unitValidForMeasurementType":true},"thatQuantityDTO":{"value":50.0,"unit":"CELSIUS","measurementType":"TemperatureUnit","unitValidForMeasurementType":true}}
    Session Attrs = {}

Handler:
             Type = null

Async:
    Async started = false
     Async result = null

Resolved Exception:
             Type = null

ModelAndView:
        View name = null
             View = null
            Model = null

FlashMap:
       Attributes = null

MockHttpServletResponse:
           Status = 302
    Error message = null
          Headers = [Vary:"Origin", "Access-Control-Request-Method", "Access-Control-Request-Headers", X-Content-Type-Options:"nosniff", X-XSS-Protection:"0", Cache-Control:"no-cache, no-store, max-age=0, must-revalidate", Pragma:"no-cache", Expires:"0", X-Frame-Options:"SAMEORIGIN", Location:"http://localhost/login"]
     Content type = null
             Body = 
    Forwarded URL = null
   Redirected URL = http://localhost/login
          Cookies = []
]]></system-out>
  </testcase>
  <testcase name="compareLengths_equal" classname="com.app.controller.QuantityMeasurementControllerTest" time="0.009">
    <failure message="Status expected:&lt;200&gt; but was:&lt;302&gt;" type="java.lang.AssertionError"><![CDATA[java.lang.AssertionError: Status expected:<200> but was:<302>
	at org.springframework.test.util.AssertionErrors.fail(AssertionErrors.java:61)
	at org.springframework.test.util.AssertionErrors.assertEquals(AssertionErrors.java:128)
	at org.springframework.test.web.servlet.result.StatusResultMatchers.lambda$matcher$9(StatusResultMatchers.java:640)
	at org.springframework.test.web.servlet.MockMvc$1.andExpect(MockMvc.java:214)
	at com.app.controller.QuantityMeasurementControllerTest.compareLengths_equal(QuantityMeasurementControllerTest.java:91)
	at java.base/java.lang.reflect.Method.invoke(Method.java:565)
	at java.base/java.util.ArrayList.forEach(ArrayList.java:1604)
	at java.base/java.util.ArrayList.forEach(ArrayList.java:1604)
]]></failure>
    <system-out><![CDATA[
MockHttpServletRequest:
      HTTP Method = POST
      Request URI = /api/v1/quantities/compare
       Parameters = {}
          Headers = [Content-Type:"application/json;charset=UTF-8", Content-Length:"228"]
             Body = {"thisQuantityDTO":{"value":1.0,"unit":"FEET","measurementType":"LengthUnit","unitValidForMeasurementType":true},"thatQuantityDTO":{"value":12.0,"unit":"INCHES","measurementType":"LengthUnit","unitValidForMeasurementType":true}}
    Session Attrs = {}

Handler:
             Type = null

Async:
    Async started = false
     Async result = null

Resolved Exception:
             Type = null

ModelAndView:
        View name = null
             View = null
            Model = null

FlashMap:
       Attributes = null

MockHttpServletResponse:
           Status = 302
    Error message = null
          Headers = [Vary:"Origin", "Access-Control-Request-Method", "Access-Control-Request-Headers", X-Content-Type-Options:"nosniff", X-XSS-Protection:"0", Cache-Control:"no-cache, no-store, max-age=0, must-revalidate", Pragma:"no-cache", Expires:"0", X-Frame-Options:"SAMEORIGIN", Location:"http://localhost/login"]
     Content type = null
             Body = 
    Forwarded URL = null
   Redirected URL = http://localhost/login
          Cookies = []
]]></system-out>
  </testcase>
  <testcase name="subtractWeights" classname="com.app.controller.QuantityMeasurementControllerTest" time="0.009">
    <failure message="Status expected:&lt;200&gt; but was:&lt;302&gt;" type="java.lang.AssertionError"><![CDATA[java.lang.AssertionError: Status expected:<200> but was:<302>
	at org.springframework.test.util.AssertionErrors.fail(AssertionErrors.java:61)
	at org.springframework.test.util.AssertionErrors.assertEquals(AssertionErrors.java:128)
	at org.springframework.test.web.servlet.result.StatusResultMatchers.lambda$matcher$9(StatusResultMatchers.java:640)
	at org.springframework.test.web.servlet.MockMvc$1.andExpect(MockMvc.java:214)
	at com.app.controller.QuantityMeasurementControllerTest.subtractWeights(QuantityMeasurementControllerTest.java:180)
	at java.base/java.lang.reflect.Method.invoke(Method.java:565)
	at java.base/java.util.ArrayList.forEach(ArrayList.java:1604)
	at java.base/java.util.ArrayList.forEach(ArrayList.java:1604)
]]></failure>
    <system-out><![CDATA[
MockHttpServletRequest:
      HTTP Method = POST
      Request URI = /api/v1/quantities/subtract
       Parameters = {}
          Headers = [Content-Type:"application/json;charset=UTF-8", Content-Length:"233"]
             Body = {"thisQuantityDTO":{"value":10.0,"unit":"KILOGRAM","measurementType":"WeightUnit","unitValidForMeasurementType":true},"thatQuantityDTO":{"value":5000.0,"unit":"GRAM","measurementType":"WeightUnit","unitValidForMeasurementType":true}}
    Session Attrs = {}

Handler:
             Type = null

Async:
    Async started = false
     Async result = null

Resolved Exception:
             Type = null

ModelAndView:
        View name = null
             View = null
            Model = null

FlashMap:
       Attributes = null

MockHttpServletResponse:
           Status = 302
    Error message = null
          Headers = [Vary:"Origin", "Access-Control-Request-Method", "Access-Control-Request-Headers", X-Content-Type-Options:"nosniff", X-XSS-Protection:"0", Cache-Control:"no-cache, no-store, max-age=0, must-revalidate", Pragma:"no-cache", Expires:"0", X-Frame-Options:"SAMEORIGIN", Location:"http://localhost/login"]
     Content type = null
             Body = 
    Forwarded URL = null
   Redirected URL = http://localhost/login
          Cookies = []
]]></system-out>
  </testcase>
  <testcase name="convertFeetToInches" classname="com.app.controller.QuantityMeasurementControllerTest" time="0.011">
    <failure message="Status expected:&lt;200&gt; but was:&lt;302&gt;" type="java.lang.AssertionError"><![CDATA[java.lang.AssertionError: Status expected:<200> but was:<302>
	at org.springframework.test.util.AssertionErrors.fail(AssertionErrors.java:61)
	at org.springframework.test.util.AssertionErrors.assertEquals(AssertionErrors.java:128)
	at org.springframework.test.web.servlet.result.StatusResultMatchers.lambda$matcher$9(StatusResultMatchers.java:640)
	at org.springframework.test.web.servlet.MockMvc$1.andExpect(MockMvc.java:214)
	at com.app.controller.QuantityMeasurementControllerTest.convertFeetToInches(QuantityMeasurementControllerTest.java:126)
	at java.base/java.lang.reflect.Method.invoke(Method.java:565)
	at java.base/java.util.ArrayList.forEach(ArrayList.java:1604)
	at java.base/java.util.ArrayList.forEach(ArrayList.java:1604)
]]></failure>
    <system-out><![CDATA[
MockHttpServletRequest:
      HTTP Method = POST
      Request URI = /api/v1/quantities/convert
       Parameters = {}
          Headers = [Content-Type:"application/json;charset=UTF-8", Content-Length:"228"]
             Body = {"thisQuantityDTO":{"value":1.0,"unit":"FEET","measurementType":"LengthUnit","unitValidForMeasurementType":true},"thatQuantityDTO":{"value":12.0,"unit":"INCHES","measurementType":"LengthUnit","unitValidForMeasurementType":true}}
    Session Attrs = {}

Handler:
             Type = null

Async:
    Async started = false
     Async result = null

Resolved Exception:
             Type = null

ModelAndView:
        View name = null
             View = null
            Model = null

FlashMap:
       Attributes = null

MockHttpServletResponse:
           Status = 302
    Error message = null
          Headers = [Vary:"Origin", "Access-Control-Request-Method", "Access-Control-Request-Headers", X-Content-Type-Options:"nosniff", X-XSS-Protection:"0", Cache-Control:"no-cache, no-store, max-age=0, must-revalidate", Pragma:"no-cache", Expires:"0", X-Frame-Options:"SAMEORIGIN", Location:"http://localhost/login"]
     Content type = null
             Body = 
    Forwarded URL = null
   Redirected URL = http://localhost/login
          Cookies = []
]]></system-out>
  </testcase>
  <testcase name="divideLengths" classname="com.app.controller.QuantityMeasurementControllerTest" time="0.008">
    <failure message="Status expected:&lt;200&gt; but was:&lt;302&gt;" type="java.lang.AssertionError"><![CDATA[java.lang.AssertionError: Status expected:<200> but was:<302>
	at org.springframework.test.util.AssertionErrors.fail(AssertionErrors.java:61)
	at org.springframework.test.util.AssertionErrors.assertEquals(AssertionErrors.java:128)
	at org.springframework.test.web.servlet.result.StatusResultMatchers.lambda$matcher$9(StatusResultMatchers.java:640)
	at org.springframework.test.web.servlet.MockMvc$1.andExpect(MockMvc.java:214)
	at com.app.controller.QuantityMeasurementControllerTest.divideLengths(QuantityMeasurementControllerTest.java:200)
	at java.base/java.lang.reflect.Method.invoke(Method.java:565)
	at java.base/java.util.ArrayList.forEach(ArrayList.java:1604)
	at java.base/java.util.ArrayList.forEach(ArrayList.java:1604)
]]></failure>
    <system-out><![CDATA[
MockHttpServletRequest:
      HTTP Method = POST
      Request URI = /api/v1/quantities/divide
       Parameters = {}
          Headers = [Content-Type:"application/json;charset=UTF-8", Content-Length:"226"]
             Body = {"thisQuantityDTO":{"value":10.0,"unit":"FEET","measurementType":"LengthUnit","unitValidForMeasurementType":true},"thatQuantityDTO":{"value":2.0,"unit":"FEET","measurementType":"LengthUnit","unitValidForMeasurementType":true}}
    Session Attrs = {}

Handler:
             Type = null

Async:
    Async started = false
     Async result = null

Resolved Exception:
             Type = null

ModelAndView:
        View name = null
             View = null
            Model = null

FlashMap:
       Attributes = null

MockHttpServletResponse:
           Status = 302
    Error message = null
          Headers = [Vary:"Origin", "Access-Control-Request-Method", "Access-Control-Request-Headers", X-Content-Type-Options:"nosniff", X-XSS-Protection:"0", Cache-Control:"no-cache, no-store, max-age=0, must-revalidate", Pragma:"no-cache", Expires:"0", X-Frame-Options:"SAMEORIGIN", Location:"http://localhost/login"]
     Content type = null
             Body = 
    Forwarded URL = null
   Redirected URL = http://localhost/login
          Cookies = []
]]></system-out>
  </testcase>
  <testcase name="addLengths" classname="com.app.controller.QuantityMeasurementControllerTest" time="0.007">
    <failure message="Status expected:&lt;200&gt; but was:&lt;302&gt;" type="java.lang.AssertionError"><![CDATA[java.lang.AssertionError: Status expected:<200> but was:<302>
	at org.springframework.test.util.AssertionErrors.fail(AssertionErrors.java:61)
	at org.springframework.test.util.AssertionErrors.assertEquals(AssertionErrors.java:128)
	at org.springframework.test.web.servlet.result.StatusResultMatchers.lambda$matcher$9(StatusResultMatchers.java:640)
	at org.springframework.test.web.servlet.MockMvc$1.andExpect(MockMvc.java:214)
	at com.app.controller.QuantityMeasurementControllerTest.addLengths(QuantityMeasurementControllerTest.java:142)
	at java.base/java.lang.reflect.Method.invoke(Method.java:565)
	at java.base/java.util.ArrayList.forEach(ArrayList.java:1604)
	at java.base/java.util.ArrayList.forEach(ArrayList.java:1604)
]]></failure>
    <system-out><![CDATA[
MockHttpServletRequest:
      HTTP Method = POST
      Request URI = /api/v1/quantities/add
       Parameters = {}
          Headers = [Content-Type:"application/json;charset=UTF-8", Content-Length:"228"]
             Body = {"thisQuantityDTO":{"value":1.0,"unit":"FEET","measurementType":"LengthUnit","unitValidForMeasurementType":true},"thatQuantityDTO":{"value":12.0,"unit":"INCHES","measurementType":"LengthUnit","unitValidForMeasurementType":true}}
    Session Attrs = {}

Handler:
             Type = null

Async:
    Async started = false
     Async result = null

Resolved Exception:
             Type = null

ModelAndView:
        View name = null
             View = null
            Model = null

FlashMap:
       Attributes = null

MockHttpServletResponse:
           Status = 302
    Error message = null
          Headers = [Vary:"Origin", "Access-Control-Request-Method", "Access-Control-Request-Headers", X-Content-Type-Options:"nosniff", X-XSS-Protection:"0", Cache-Control:"no-cache, no-store, max-age=0, must-revalidate", Pragma:"no-cache", Expires:"0", X-Frame-Options:"SAMEORIGIN", Location:"http://localhost/login"]
     Content type = null
             Body = 
    Forwarded URL = null
   Redirected URL = http://localhost/login
          Cookies = []
]]></system-out>
  </testcase>
</testsuite>